<?xml version="1.0" encoding="UTF-8"?>
<testsuite xmlns:xsi="http://www.w3.org/2001/XMLSchema-instance" xsi:noNamespaceSchemaLocation="https://maven.apache.org/surefire/maven-surefire-plugin/xsd/surefire-test-report.xsd" name="Geocode.AddressResolverTest" time="0.419" tests="2" errors="2" skipped="0" failures="0">
  <properties>
[...]
</properties>
  <testcase name="findAddressForLocationBad" classname="Geocode.AddressResolverTest" time="0.414">
    <error type="java.lang.NullPointerException">java.lang.NullPointerException
	at Geocode.AddressResolverTest.findAddressForLocationBad(AddressResolverTest.java:44)
</error>
  </testcase>
  <testcase name="findAddressForLocationTest" classname="Geocode.AddressResolverTest" time="0">
    <error type="java.lang.NullPointerException">java.lang.NullPointerException
	at Geocode.AddressResolverTest.findAddressForLocationTest(AddressResolverTest.java:34)
</error>
  </testcase>
</testsuite>