<?xml version="1.0" encoding="UTF-8"?>
<testsuite xmlns:xsi="http://www.w3.org/2001/XMLSchema-instance" xsi:noNamespaceSchemaLocation="https://maven.apache.org/surefire/maven-surefire-plugin/xsd/surefire-test-report.xsd" name="RestAssured.AppTest" time="2.291" tests="3" errors="0" skipped="0" failures="0">
  <properties>
[...]
</properties>
  <testcase name="endpointavailable" classname="RestAssured.AppTest" time="1.223"/>
  <testcase name="Todo4" classname="RestAssured.AppTest" time="0.598"/>
  <testcase name="getalltodosyouget198and199" classname="RestAssured.AppTest" time="0.451"/>
</testsuite>